# JRE version: Java(TM) SE Runtime Environment (8.0_144-b01) (build 1.8.0_144-b01)
# Java VM: Java HotSpot(TM) 64-Bit Server VM (25.144-b01 mixed mode windows-amd64 compressed oops)
Heap:
 PSYoungGen      total 36864K, used 25014K [0x00000000d6f80000, 0x00000000d9880000, 0x0000000100000000)
  eden space 31744K, 78% used [0x00000000d6f80000,0x00000000d87ed9a8,0x00000000d8e80000)
  from space 5120K, 0% used [0x00000000d9380000,0x00000000d9380000,0x00000000d9880000)
  to   space 5120K, 0% used [0x00000000d8e80000,0x00000000d8e80000,0x00000000d9380000)
 ParOldGen       total 48640K, used 5299K [0x0000000084e00000, 0x0000000087d80000, 0x00000000d6f80000)
  object space 48640K, 10% used [0x0000000084e00000,0x000000008532cfc0,0x0000000087d80000)
 Metaspace       used 18464K, capacity 18726K, committed 19072K, reserved 1067008K
  class space    used 2251K, capacity 2349K, committed 2432K, reserved 1048576K
GC Heap History (6 events):
Event: 19.426 GC heap before
{Heap before GC invocations=1 (full 0):
 PSYoungGen      total 36864K, used 31744K [0x00000000d6f80000, 0x00000000d9880000, 0x0000000100000000)
  eden space 31744K, 100% used [0x00000000d6f80000,0x00000000d8e80000,0x00000000d8e80000)
  from space 5120K, 0% used [0x00000000d9380000,0x00000000d9380000,0x00000000d9880000)
  to   space 5120K, 0% used [0x00000000d8e80000,0x00000000d8e80000,0x00000000d9380000)
 ParOldGen       total 84992K, used 0K [0x0000000084e00000, 0x000000008a100000, 0x00000000d6f80000)
  object space 84992K, 0% used [0x0000000084e00000,0x0000000084e00000,0x000000008a100000)
 Metaspace       used 12083K, capacity 12176K, committed 12288K, reserved 1060864K
  class space    used 1409K, capacity 1458K, committed 1536K, reserved 1048576K
Event: 19.450 GC heap after
Heap after GC invocations=1 (full 0):
 PSYoungGen      total 36864K, used 5096K [0x00000000d6f80000, 0x00000000d9880000, 0x0000000100000000)
  eden space 31744K, 0% used [0x00000000d6f80000,0x00000000d6f80000,0x00000000d8e80000)
  from space 5120K, 99% used [0x00000000d8e80000,0x00000000d937a240,0x00000000d9380000)
  to   space 5120K, 0% used [0x00000000d9380000,0x00000000d9380000,0x00000000d9880000)
 ParOldGen       total 84992K, used 2783K [0x0000000084e00000, 0x000000008a100000, 0x00000000d6f80000)
  object space 84992K, 3% used [0x0000000084e00000,0x00000000850b7d78,0x000000008a100000)
 Metaspace       used 12083K, capacity 12176K, committed 12288K, reserved 1060864K
  class space    used 1409K, capacity 1458K, committed 1536K, reserved 1048576K
}
Event: 20.608 GC heap before
{Heap before GC invocations=2 (full 0):
 PSYoungGen      total 36864K, used 12762K [0x00000000d6f80000, 0x00000000d9880000, 0x0000000100000000)
  eden space 31744K, 24% used [0x00000000d6f80000,0x00000000d76fc6c0,0x00000000d8e80000)
  from space 5120K, 99% used [0x00000000d8e80000,0x00000000d937a240,0x00000000d9380000)
  to   space 5120K, 0% used [0x00000000d9380000,0x00000000d9380000,0x00000000d9880000)
 ParOldGen       total 84992K, used 2783K [0x0000000084e00000, 0x000000008a100000, 0x00000000d6f80000)
  object space 84992K, 3% used [0x0000000084e00000,0x00000000850b7d78,0x000000008a100000)
 Metaspace       used 13535K, capacity 13672K, committed 13952K, reserved 1062912K
  class space    used 1627K, capacity 1654K, committed 1664K, reserved 1048576K
Event: 20.681 GC heap after
Heap after GC invocations=2 (full 0):
 PSYoungGen      total 36864K, used 5103K [0x00000000d6f80000, 0x00000000d9880000, 0x0000000100000000)
  eden space 31744K, 0% used [0x00000000d6f80000,0x00000000d6f80000,0x00000000d8e80000)
  from space 5120K, 99% used [0x00000000d9380000,0x00000000d987bfb0,0x00000000d9880000)
  to   space 5120K, 0% used [0x00000000d8e80000,0x00000000d8e80000,0x00000000d9380000)
 ParOldGen       total 84992K, used 2968K [0x0000000084e00000, 0x000000008a100000, 0x00000000d6f80000)
  object space 84992K, 3% used [0x0000000084e00000,0x00000000850e63d8,0x000000008a100000)
 Metaspace       used 13535K, capacity 13672K, committed 13952K, reserved 1062912K
  class space    used 1627K, capacity 1654K, committed 1664K, reserved 1048576K
}
Event: 20.681 GC heap before
{Heap before GC invocations=3 (full 1):
 PSYoungGen      total 36864K, used 5103K [0x00000000d6f80000, 0x00000000d9880000, 0x0000000100000000)
  eden space 31744K, 0% used [0x00000000d6f80000,0x00000000d6f80000,0x00000000d8e80000)
  from space 5120K, 99% used [0x00000000d9380000,0x00000000d987bfb0,0x00000000d9880000)
  to   space 5120K, 0% used [0x00000000d8e80000,0x00000000d8e80000,0x00000000d9380000)
 ParOldGen       total 84992K, used 2968K [0x0000000084e00000, 0x000000008a100000, 0x00000000d6f80000)
  object space 84992K, 3% used [0x0000000084e00000,0x00000000850e63d8,0x000000008a100000)
 Metaspace       used 13535K, capacity 13672K, committed 13952K, reserved 1062912K
  class space    used 1627K, capacity 1654K, committed 1664K, reserved 1048576K
Event: 20.875 GC heap after
Heap after GC invocations=3 (full 1):
 PSYoungGen      total 36864K, used 0K [0x00000000d6f80000, 0x00000000d9880000, 0x0000000100000000)
  eden space 31744K, 0% used [0x00000000d6f80000,0x00000000d6f80000,0x00000000d8e80000)
  from space 5120K, 0% used [0x00000000d9380000,0x00000000d9380000,0x00000000d9880000)
  to   space 5120K, 0% used [0x00000000d8e80000,0x00000000d8e80000,0x00000000d9380000)
 ParOldGen       total 48640K, used 5299K [0x0000000084e00000, 0x0000000087d80000, 0x00000000d6f80000)
  object space 48640K, 10% used [0x0000000084e00000,0x000000008532cfc0,0x0000000087d80000)
 Metaspace       used 13535K, capacity 13672K, committed 13952K, reserved 1062912K
  class space    used 1627K, capacity 1654K, committed 1664K, reserved 1048576K
}

