<?xml version="1.0" encoding="UTF-8"?>
<!-- Generated by org.testng.reporters.JUnitXMLReporter -->
<testsuite hostname="QSURE-WVD-2" ignored="0" name="Test" tests="1" failures="1" timestamp="07 Sep 2021 17:36:09 GMT" time="69.187" errors="0">
  <testcase name="evaluateTestcase" time="68.647" classname="com.TestScripts.ISO_Story">
    <failure type="org.openqa.selenium.ElementNotVisibleException" message="element not interactable
  (Session info: MicrosoftEdge=93.0.961.38)
  (Driver info: msedgedriver=93.0.961.38 (d49f17f50f79575355b4ba25064b2a230357063d),platform=Windows NT 10.0.19043 x86_64) (WARNING: The server did not provide any stacktrace information)
Command duration or timeout: 18 milliseconds
Build info: version: &amp;apos;2.53.0&amp;apos;, revision: &amp;apos;35ae25b1534ae328c771e0856c93e187490ca824&amp;apos;, time: &amp;apos;2016-03-15 10:43:46&amp;apos;
System info: host: &amp;apos;QSURE-WVD-2&amp;apos;, ip: &amp;apos;172.21.96.6&amp;apos;, os.name: &amp;apos;Windows Server 2016&amp;apos;, os.arch: &amp;apos;amd64&amp;apos;, os.version: &amp;apos;10.0&amp;apos;, java.version: &amp;apos;1.8.0_171&amp;apos;
Driver info: org.openqa.selenium.edge.EdgeDriver
Capabilities [{mobileEmulationEnabled=false, timeouts={implicit=0, pageLoad=300000, script=30000}, hasTouchScreen=false, platform=XP, acceptSslCerts=false, webauthn:extension:credBlob=true, acceptInsecureCerts=false, webStorageEnabled=true, browserName=msedge, takesScreenshot=true, javascriptEnabled=true, ms:edgeOptions={debuggerAddress=localhost:55572}, setWindowRect=true, webauthn:extension:largeBlob=true, unexpectedAlertBehaviour=ignore, applicationCacheEnabled=false, rotatable=false, networkConnectionEnabled=false, takesHeapSnapshot=true, msedge={msedgedriverVersion=93.0.961.38 (d49f17f50f79575355b4ba25064b2a230357063d), userDataDir=C:\Users\LOCAL_~1\Temp\scoped_dir2836_2049937252}, pageLoadStrategy=normal, strictFileInteractability=false, databaseEnabled=false, handlesAlerts=true, version=93.0.961.38, browserConnectionEnabled=false, proxy={}, nativeEvents=true, locationContextEnabled=true, cssSelectorsEnabled=true, webauthn:virtualAuthenticators=true}]
Session ID: 2c06e7c16da0c53c3210b2f3270b6dd9">
      <![CDATA[org.openqa.selenium.ElementNotVisibleException: element not interactable
  (Session info: MicrosoftEdge=93.0.961.38)
  (Driver info: msedgedriver=93.0.961.38 (d49f17f50f79575355b4ba25064b2a230357063d),platform=Windows NT 10.0.19043 x86_64) (WARNING: The server did not provide any stacktrace information)
Command duration or timeout: 18 milliseconds
Build info: version: '2.53.0', revision: '35ae25b1534ae328c771e0856c93e187490ca824', time: '2016-03-15 10:43:46'
System info: host: 'QSURE-WVD-2', ip: '172.21.96.6', os.name: 'Windows Server 2016', os.arch: 'amd64', os.version: '10.0', java.version: '1.8.0_171'
Driver info: org.openqa.selenium.edge.EdgeDriver
Capabilities [{mobileEmulationEnabled=false, timeouts={implicit=0, pageLoad=300000, script=30000}, hasTouchScreen=false, platform=XP, acceptSslCerts=false, webauthn:extension:credBlob=true, acceptInsecureCerts=false, webStorageEnabled=true, browserName=msedge, takesScreenshot=true, javascriptEnabled=true, ms:edgeOptions={debuggerAddress=localhost:55572}, setWindowRect=true, webauthn:extension:largeBlob=true, unexpectedAlertBehaviour=ignore, applicationCacheEnabled=false, rotatable=false, networkConnectionEnabled=false, takesHeapSnapshot=true, msedge={msedgedriverVersion=93.0.961.38 (d49f17f50f79575355b4ba25064b2a230357063d), userDataDir=C:\Users\LOCAL_~1\Temp\scoped_dir2836_2049937252}, pageLoadStrategy=normal, strictFileInteractability=false, databaseEnabled=false, handlesAlerts=true, version=93.0.961.38, browserConnectionEnabled=false, proxy={}, nativeEvents=true, locationContextEnabled=true, cssSelectorsEnabled=true, webauthn:virtualAuthenticators=true}]
Session ID: 2c06e7c16da0c53c3210b2f3270b6dd9
	at org.openqa.selenium.remote.ErrorHandler.createThrowable(ErrorHandler.java:206)
	at org.openqa.selenium.remote.ErrorHandler.throwIfResponseFailed(ErrorHandler.java:158)
	at org.openqa.selenium.remote.RemoteWebDriver.execute(RemoteWebDriver.java:678)
	at org.openqa.selenium.remote.RemoteWebElement.execute(RemoteWebElement.java:327)
	at org.openqa.selenium.remote.RemoteWebElement.click(RemoteWebElement.java:85)
	at org.openqa.selenium.support.pagefactory.internal.LocatingElementHandler.invoke(LocatingElementHandler.java:51)
	at com.sun.proxy.$Proxy5.click(Unknown Source)
	at com.ScreenFunctions.iso_story.iso_story(iso_story.java:224)
	at com.TestScripts.ISO_Story.evaluateTestcase(ISO_Story.java:158)
... Removed 33 stack frames]]>
    </failure>
  </testcase> <!-- evaluateTestcase -->
</testsuite> <!-- Test -->
