<?xml version="1.0" encoding="UTF-8"?>
<!-- Generated by org.testng.reporters.JUnitXMLReporter -->
<testsuite hostname="SriniR_Dell" ignored="0" name="Test" tests="2" failures="0" timestamp="22 Feb 2018 09:25:53 GMT" time="696.99" errors="0">
  <testcase name="evaluateTestcase" time="330.926" classname="com.TestScripts.Tc_10_ManualcapturePayment_Ext_MUMD"/>
  <testcase name="evaluateTestcase" time="337.213" classname="com.TestScripts.Tc_10_ManualcapturePayment_Ext_SUMD"/>
</testsuite> <!-- Test -->
