<?xml version="1.0" encoding="UTF-8"?>
<!-- Generated by org.testng.reporters.JUnitXMLReporter -->
<testsuite hostname="SriniR_Dell" ignored="0" name="Test" tests="1" failures="1" timestamp="06 Mar 2019 10:46:05 GMT" time="220.252" errors="0">
  <testcase name="evaluateTestcase" time="218.845" classname="com.TestScripts.ISO_Story">
    <failure type="org.openqa.selenium.WebDriverException" message="unknown error: Element &amp;lt;input type=&amp;quot;text&amp;quot; class=&amp;quot;span12 date hasDatepicker&amp;quot; id=&amp;quot;SearchActionDate&amp;quot; name=&amp;quot;SearchActionDate&amp;quot;&amp;gt; is not clickable at point (905, 719). Other element would receive the click: &amp;lt;div id=&amp;quot;loaderDiv&amp;quot; class=&amp;quot;pageload-overlay&amp;quot; style=&amp;quot;height: 593px; position: absolute; left: 221px; top: 152px; width: 1379px; display: block;&amp;quot;&amp;gt;...&amp;lt;/div&amp;gt;
  (Session info: chrome=72.0.3626.119)
  (Driver info: chromedriver=2.36.540470 (e522d04694c7ebea4ba8821272dbef4f9b818c91),platform=Windows NT 10.0.15063 x86_64) (WARNING: The server did not provide any stacktrace information)
Command duration or timeout: 48 milliseconds
Build info: version: &amp;apos;2.53.0&amp;apos;, revision: &amp;apos;35ae25b1534ae328c771e0856c93e187490ca824&amp;apos;, time: &amp;apos;2016-03-15 10:43:46&amp;apos;
System info: host: &amp;apos;SriniR_Dell&amp;apos;, ip: &amp;apos;172.20.94.44&amp;apos;, os.name: &amp;apos;Windows 10&amp;apos;, os.arch: &amp;apos;amd64&amp;apos;, os.version: &amp;apos;10.0&amp;apos;, java.version: &amp;apos;1.8.0_144&amp;apos;
Driver info: org.openqa.selenium.chrome.ChromeDriver
Capabilities [{applicationCacheEnabled=false, rotatable=false, mobileEmulationEnabled=false, networkConnectionEnabled=false, chrome={chromedriverVersion=2.36.540470 (e522d04694c7ebea4ba8821272dbef4f9b818c91), userDataDir=C:\Users\SRINIR~1.SOL\AppData\Local\Temp\scoped_dir38528_16720}, takesHeapSnapshot=true, pageLoadStrategy=normal, databaseEnabled=false, handlesAlerts=true, hasTouchScreen=false, version=72.0.3626.119, platform=XP, browserConnectionEnabled=false, nativeEvents=true, acceptSslCerts=false, acceptInsecureCerts=false, locationContextEnabled=true, webStorageEnabled=true, browserName=chrome, takesScreenshot=true, javascriptEnabled=true, cssSelectorsEnabled=true, setWindowRect=true, unexpectedAlertBehaviour=}]
Session ID: 667dcb2ae5c545b2283f705b1fa0336d">
      <![CDATA[org.openqa.selenium.WebDriverException: unknown error: Element <input type="text" class="span12 date hasDatepicker" id="SearchActionDate" name="SearchActionDate"> is not clickable at point (905, 719). Other element would receive the click: <div id="loaderDiv" class="pageload-overlay" style="height: 593px; position: absolute; left: 221px; top: 152px; width: 1379px; display: block;">...</div>
  (Session info: chrome=72.0.3626.119)
  (Driver info: chromedriver=2.36.540470 (e522d04694c7ebea4ba8821272dbef4f9b818c91),platform=Windows NT 10.0.15063 x86_64) (WARNING: The server did not provide any stacktrace information)
Command duration or timeout: 48 milliseconds
Build info: version: '2.53.0', revision: '35ae25b1534ae328c771e0856c93e187490ca824', time: '2016-03-15 10:43:46'
System info: host: 'SriniR_Dell', ip: '172.20.94.44', os.name: 'Windows 10', os.arch: 'amd64', os.version: '10.0', java.version: '1.8.0_144'
Driver info: org.openqa.selenium.chrome.ChromeDriver
Capabilities [{applicationCacheEnabled=false, rotatable=false, mobileEmulationEnabled=false, networkConnectionEnabled=false, chrome={chromedriverVersion=2.36.540470 (e522d04694c7ebea4ba8821272dbef4f9b818c91), userDataDir=C:\Users\SRINIR~1.SOL\AppData\Local\Temp\scoped_dir38528_16720}, takesHeapSnapshot=true, pageLoadStrategy=normal, databaseEnabled=false, handlesAlerts=true, hasTouchScreen=false, version=72.0.3626.119, platform=XP, browserConnectionEnabled=false, nativeEvents=true, acceptSslCerts=false, acceptInsecureCerts=false, locationContextEnabled=true, webStorageEnabled=true, browserName=chrome, takesScreenshot=true, javascriptEnabled=true, cssSelectorsEnabled=true, setWindowRect=true, unexpectedAlertBehaviour=}]
Session ID: 667dcb2ae5c545b2283f705b1fa0336d
	at org.openqa.selenium.remote.ErrorHandler.createThrowable(ErrorHandler.java:206)
	at org.openqa.selenium.remote.ErrorHandler.throwIfResponseFailed(ErrorHandler.java:158)
	at org.openqa.selenium.remote.RemoteWebDriver.execute(RemoteWebDriver.java:678)
	at org.openqa.selenium.remote.RemoteWebElement.execute(RemoteWebElement.java:327)
	at org.openqa.selenium.remote.RemoteWebElement.click(RemoteWebElement.java:85)
	at org.openqa.selenium.support.pagefactory.internal.LocatingElementHandler.invoke(LocatingElementHandler.java:51)
	at com.sun.proxy.$Proxy5.click(Unknown Source)
	at com.ScreenFunctions.BankBatchCreation.BankBatchCreation(BankBatchCreation.java:132)
	at com.TestScripts.ISO_Story.evaluateTestcase(ISO_Story.java:180)
... Removed 32 stack frames]]>
    </failure>
  </testcase> <!-- evaluateTestcase -->
</testsuite> <!-- Test -->
