<?xml version="1.0" encoding="UTF-8"?>
<!-- Generated by org.testng.reporters.JUnitXMLReporter -->
<testsuite hostname="SriniR_Dell" ignored="0" name="Test1" tests="1" failures="1" timestamp="08 Jan 2018 12:20:57 GMT" time="82.574" errors="0">
  <testcase name="evaluateTestcase" time="81.707" classname="com.TestScripts.Tc_01_ManualcaptureCollection">
    <failure type="java.lang.NoClassDefFoundError" message="com/sun/mail/util/MailLogger">
      <![CDATA[java.lang.NoClassDefFoundError: com/sun/mail/util/MailLogger
	at javax.mail.Session.initLogger(Session.java:230)
	at javax.mail.Session.<init>(Session.java:214)
	at javax.mail.Session.getDefaultInstance(Session.java:325)
	at com.ReportGeneration.GenerateReports.sendMail(GenerateReports.java:139)
	at com.ReportGeneration.GenerateReports.closeTest(GenerateReports.java:66)
	at com.GenericFunctions.TestNgListners.afterInvocation(TestNgListners.java:82)
Caused by: java.lang.ClassNotFoundException: com.sun.mail.util.MailLogger
	at java.net.URLClassLoader.findClass(Unknown Source)
	at java.lang.ClassLoader.loadClass(Unknown Source)
	at sun.misc.Launcher$AppClassLoader.loadClass(Unknown Source)
	at java.lang.ClassLoader.loadClass(Unknown Source)
	... 29 more
... Removed 23 stack frames]]>
    </failure>
  </testcase> <!-- evaluateTestcase -->
</testsuite> <!-- Test1 -->
