<?xml version="1.0" encoding="UTF-8"?>
<!-- Generated by org.testng.reporters.JUnitXMLReporter -->
<testsuite hostname="QSURE-WVD-1" ignored="0" name="Test" tests="1" failures="1" timestamp="07 Sep 2021 15:34:43 GMT" time="210.093" errors="0">
  <testcase name="evaluateTestcase" time="208.62" classname="com.TestScripts.ISO_Story">
    <failure type="org.openqa.selenium.NoSuchElementException" message="no such element: Unable to locate element: {&amp;quot;method&amp;quot;:&amp;quot;xpath&amp;quot;,&amp;quot;selector&amp;quot;:&amp;quot;//td[text()=&amp;apos;&amp;apos;]&amp;quot;}
  (Session info: MicrosoftEdge=93.0.961.38)
  (Driver info: msedgedriver=93.0.961.38 (d49f17f50f79575355b4ba25064b2a230357063d),platform=Windows NT 10.0.19043 x86_64) (WARNING: The server did not provide any stacktrace information)
Command duration or timeout: 28 milliseconds
For documentation on this error, please visit: http://seleniumhq.org/exceptions/no_such_element.html
Build info: version: &amp;apos;2.53.0&amp;apos;, revision: &amp;apos;35ae25b1534ae328c771e0856c93e187490ca824&amp;apos;, time: &amp;apos;2016-03-15 10:43:46&amp;apos;
System info: host: &amp;apos;QSURE-WVD-1&amp;apos;, ip: &amp;apos;172.21.96.4&amp;apos;, os.name: &amp;apos;Windows Server 2019&amp;apos;, os.arch: &amp;apos;amd64&amp;apos;, os.version: &amp;apos;10.0&amp;apos;, java.version: &amp;apos;1.8.0_301&amp;apos;
Driver info: org.openqa.selenium.edge.EdgeDriver
Capabilities [{mobileEmulationEnabled=false, timeouts={implicit=0, pageLoad=300000, script=30000}, hasTouchScreen=false, platform=XP, acceptSslCerts=false, webauthn:extension:credBlob=true, acceptInsecureCerts=false, webStorageEnabled=true, browserName=msedge, takesScreenshot=true, javascriptEnabled=true, ms:edgeOptions={debuggerAddress=localhost:62636}, setWindowRect=true, webauthn:extension:largeBlob=true, unexpectedAlertBehaviour=ignore, applicationCacheEnabled=false, rotatable=false, networkConnectionEnabled=false, takesHeapSnapshot=true, msedge={msedgedriverVersion=93.0.961.38 (d49f17f50f79575355b4ba25064b2a230357063d), userDataDir=C:\Users\LOCAL_~1\Temp\scoped_dir12324_410243667}, pageLoadStrategy=normal, strictFileInteractability=false, databaseEnabled=false, handlesAlerts=true, version=93.0.961.38, browserConnectionEnabled=false, proxy={}, nativeEvents=true, locationContextEnabled=true, cssSelectorsEnabled=true, webauthn:virtualAuthenticators=true}]
Session ID: f497ae4dc4296320cb300785cc2ee96b
*** Element info: {Using=xpath, value=//td[text()=&amp;apos;&amp;apos;]}">
      <![CDATA[org.openqa.selenium.NoSuchElementException: no such element: Unable to locate element: {"method":"xpath","selector":"//td[text()='']"}
  (Session info: MicrosoftEdge=93.0.961.38)
  (Driver info: msedgedriver=93.0.961.38 (d49f17f50f79575355b4ba25064b2a230357063d),platform=Windows NT 10.0.19043 x86_64) (WARNING: The server did not provide any stacktrace information)
Command duration or timeout: 28 milliseconds
For documentation on this error, please visit: http://seleniumhq.org/exceptions/no_such_element.html
Build info: version: '2.53.0', revision: '35ae25b1534ae328c771e0856c93e187490ca824', time: '2016-03-15 10:43:46'
System info: host: 'QSURE-WVD-1', ip: '172.21.96.4', os.name: 'Windows Server 2019', os.arch: 'amd64', os.version: '10.0', java.version: '1.8.0_301'
Driver info: org.openqa.selenium.edge.EdgeDriver
Capabilities [{mobileEmulationEnabled=false, timeouts={implicit=0, pageLoad=300000, script=30000}, hasTouchScreen=false, platform=XP, acceptSslCerts=false, webauthn:extension:credBlob=true, acceptInsecureCerts=false, webStorageEnabled=true, browserName=msedge, takesScreenshot=true, javascriptEnabled=true, ms:edgeOptions={debuggerAddress=localhost:62636}, setWindowRect=true, webauthn:extension:largeBlob=true, unexpectedAlertBehaviour=ignore, applicationCacheEnabled=false, rotatable=false, networkConnectionEnabled=false, takesHeapSnapshot=true, msedge={msedgedriverVersion=93.0.961.38 (d49f17f50f79575355b4ba25064b2a230357063d), userDataDir=C:\Users\LOCAL_~1\Temp\scoped_dir12324_410243667}, pageLoadStrategy=normal, strictFileInteractability=false, databaseEnabled=false, handlesAlerts=true, version=93.0.961.38, browserConnectionEnabled=false, proxy={}, nativeEvents=true, locationContextEnabled=true, cssSelectorsEnabled=true, webauthn:virtualAuthenticators=true}]
Session ID: f497ae4dc4296320cb300785cc2ee96b
*** Element info: {Using=xpath, value=//td[text()='']}
	at org.openqa.selenium.remote.ErrorHandler.createThrowable(ErrorHandler.java:206)
	at org.openqa.selenium.remote.ErrorHandler.throwIfResponseFailed(ErrorHandler.java:158)
	at org.openqa.selenium.remote.RemoteWebDriver.execute(RemoteWebDriver.java:678)
	at org.openqa.selenium.remote.RemoteWebDriver.findElement(RemoteWebDriver.java:363)
	at org.openqa.selenium.remote.RemoteWebDriver.findElementByXPath(RemoteWebDriver.java:500)
	at org.openqa.selenium.By$ByXPath.findElement(By.java:361)
	at org.openqa.selenium.remote.RemoteWebDriver.findElement(RemoteWebDriver.java:355)
	at com.ScreenFunctions.Authorization_NewUser_ISO_Story.Authorization_NewUser_ISO_Story(Authorization_NewUser_ISO_Story.java:68)
	at com.TestScripts.ISO_Story.evaluateTestcase(ISO_Story.java:159)
... Removed 28 stack frames]]>
    </failure>
  </testcase> <!-- evaluateTestcase -->
</testsuite> <!-- Test -->
