<?xml version="1.0" encoding="UTF-8"?>
<!-- Generated by org.testng.reporters.JUnitXMLReporter -->
<testsuite hostname="SriniR_Dell" ignored="0" name="Test" tests="1" failures="1" timestamp="23 Mar 2018 08:27:28 GMT" time="210.268" errors="0">
  <testcase name="evaluateTestcase" time="185.943" classname="com.TestScripts.Tc_12_PaymentImport_Ext_SUMD">
    <failure type="org.openqa.selenium.WebDriverException" message="unknown error: Element &amp;lt;button type=&amp;quot;button&amp;quot; class=&amp;quot;btn btnImportFileP&amp;quot;&amp;gt;...&amp;lt;/button&amp;gt; is not clickable at point (863, 435). Other element would receive the click: &amp;lt;div id=&amp;quot;loaderDiv&amp;quot; class=&amp;quot;pageload-overlay&amp;quot; style=&amp;quot;height: 603px; position: absolute; left: 221px; top: 152px; width: 1379px; display: block;&amp;quot;&amp;gt;...&amp;lt;/div&amp;gt;
  (Session info: chrome=65.0.3325.181)
  (Driver info: chromedriver=2.36.540470 (e522d04694c7ebea4ba8821272dbef4f9b818c91),platform=Windows NT 10.0.15063 x86_64) (WARNING: The server did not provide any stacktrace information)
Command duration or timeout: 35 milliseconds
Build info: version: &amp;apos;2.53.0&amp;apos;, revision: &amp;apos;35ae25b1534ae328c771e0856c93e187490ca824&amp;apos;, time: &amp;apos;2016-03-15 10:43:46&amp;apos;
System info: host: &amp;apos;SriniR_Dell&amp;apos;, ip: &amp;apos;172.20.94.13&amp;apos;, os.name: &amp;apos;Windows 10&amp;apos;, os.arch: &amp;apos;amd64&amp;apos;, os.version: &amp;apos;10.0&amp;apos;, java.version: &amp;apos;1.8.0_144&amp;apos;
Driver info: org.openqa.selenium.chrome.ChromeDriver
Capabilities [{applicationCacheEnabled=false, rotatable=false, mobileEmulationEnabled=false, networkConnectionEnabled=false, chrome={chromedriverVersion=2.36.540470 (e522d04694c7ebea4ba8821272dbef4f9b818c91), userDataDir=C:\Users\SRINIR~1.SOL\AppData\Local\Temp\scoped_dir8992_4635}, takesHeapSnapshot=true, pageLoadStrategy=normal, databaseEnabled=false, handlesAlerts=true, hasTouchScreen=false, version=65.0.3325.181, platform=XP, browserConnectionEnabled=false, nativeEvents=true, acceptSslCerts=false, acceptInsecureCerts=false, locationContextEnabled=true, webStorageEnabled=true, browserName=chrome, takesScreenshot=true, javascriptEnabled=true, cssSelectorsEnabled=true, setWindowRect=true, unexpectedAlertBehaviour=}]
Session ID: f710b0ccb6bb5ce5510c459a30a402fc">
      <![CDATA[org.openqa.selenium.WebDriverException: unknown error: Element <button type="button" class="btn btnImportFileP">...</button> is not clickable at point (863, 435). Other element would receive the click: <div id="loaderDiv" class="pageload-overlay" style="height: 603px; position: absolute; left: 221px; top: 152px; width: 1379px; display: block;">...</div>
  (Session info: chrome=65.0.3325.181)
  (Driver info: chromedriver=2.36.540470 (e522d04694c7ebea4ba8821272dbef4f9b818c91),platform=Windows NT 10.0.15063 x86_64) (WARNING: The server did not provide any stacktrace information)
Command duration or timeout: 35 milliseconds
Build info: version: '2.53.0', revision: '35ae25b1534ae328c771e0856c93e187490ca824', time: '2016-03-15 10:43:46'
System info: host: 'SriniR_Dell', ip: '172.20.94.13', os.name: 'Windows 10', os.arch: 'amd64', os.version: '10.0', java.version: '1.8.0_144'
Driver info: org.openqa.selenium.chrome.ChromeDriver
Capabilities [{applicationCacheEnabled=false, rotatable=false, mobileEmulationEnabled=false, networkConnectionEnabled=false, chrome={chromedriverVersion=2.36.540470 (e522d04694c7ebea4ba8821272dbef4f9b818c91), userDataDir=C:\Users\SRINIR~1.SOL\AppData\Local\Temp\scoped_dir8992_4635}, takesHeapSnapshot=true, pageLoadStrategy=normal, databaseEnabled=false, handlesAlerts=true, hasTouchScreen=false, version=65.0.3325.181, platform=XP, browserConnectionEnabled=false, nativeEvents=true, acceptSslCerts=false, acceptInsecureCerts=false, locationContextEnabled=true, webStorageEnabled=true, browserName=chrome, takesScreenshot=true, javascriptEnabled=true, cssSelectorsEnabled=true, setWindowRect=true, unexpectedAlertBehaviour=}]
Session ID: f710b0ccb6bb5ce5510c459a30a402fc
	at org.openqa.selenium.remote.ErrorHandler.createThrowable(ErrorHandler.java:206)
	at org.openqa.selenium.remote.ErrorHandler.throwIfResponseFailed(ErrorHandler.java:158)
	at org.openqa.selenium.remote.RemoteWebDriver.execute(RemoteWebDriver.java:678)
	at org.openqa.selenium.remote.RemoteWebElement.execute(RemoteWebElement.java:327)
	at org.openqa.selenium.remote.RemoteWebElement.click(RemoteWebElement.java:85)
	at org.openqa.selenium.support.pagefactory.internal.LocatingElementHandler.invoke(LocatingElementHandler.java:51)
	at com.sun.proxy.$Proxy5.click(Unknown Source)
	at com.ScreenFunctions.PaymentImport_Ext_SUMD.PaymentImport_Ext_SUMD(PaymentImport_Ext_SUMD.java:44)
	at com.TestScripts.Tc_12_PaymentImport_Ext_SUMD.evaluateTestcase(Tc_12_PaymentImport_Ext_SUMD.java:31)
... Removed 32 stack frames]]>
    </failure>
  </testcase> <!-- evaluateTestcase -->
</testsuite> <!-- Test -->
