<?xml version="1.0" encoding="UTF-8"?>
<!-- Generated by org.testng.reporters.JUnitXMLReporter -->
<testsuite hostname="SriniR_Dell" ignored="0" name="Test1" tests="2" failures="1" timestamp="07 Sep 2018 10:45:24 GMT" time="267.909" errors="0">
  <testcase name="evaluateTestcase" time="82.366" classname="com.TestScripts.Tc_03_CollectionImport"/>
  <testcase name="evaluateTestcase" time="183.982" classname="com.TestScripts.Tc_04_PaymentImport">
    <failure type="org.openqa.selenium.WebDriverException" message="unknown error: Element &amp;lt;button class=&amp;quot;btn btn-primary&amp;quot; style=&amp;quot;margin-left: 0px;&amp;quot;&amp;gt;...&amp;lt;/button&amp;gt; is not clickable at point (862, 325). Other element would receive the click: &amp;lt;li style=&amp;quot;overflow: hidden; background: url(&amp;amp;quot;data:image/png;base64,iVBORw0KGgoAAAANSUhEUgAAABsAAAAoCAYAAAAPOoFWAAAAGXRFWHRTb2Z0d2FyZQBBZG9iZSBJbWFnZVJlYWR5ccllPAAAAPZJREFUeNq81tsOgjAMANB2ov7/7ypaN7IlIwi9rGuT8QSc9EIDAsAznxvY4pXPKr05RUE5MEVB+TyWfCEl9LZApYopCmo9C4FKSMtYoI8Bwv79aQJU4l6hXXCZrQbokJEksxHo9KMOgc6w1atHXM8K9DVC7FQnJ0i8iK3QooGgbnyKgMDygBWyYFZoqx4qS27KqLZJjA1D0jK6QJcYEQEiWv9PGkTsbqxQ8oT+ZtZB6AkdsJnQDnMoHXHLGKOgDYuCWmYhEERCI5gaamW0bnHdA3k2ltlIN+2qKRyCND0bhqSYCyTB3CAOc4WusBEIpkeBuPgJMAAX8Hs1NfqHRgAAAABJRU5ErkJggg==&amp;amp;quot;) left top repeat-x scroll rgb(255, 234, 168); border-radius: 5px; border: 1px solid rgb(255, 194, 55); box-shadow: rgba(0, 0, 0, 0.1) 0px 2px 4px; color: rgb(130, 98, 0); width: 310px; height: 1.86742px;&amp;quot; class=&amp;quot;i-am-closing-now&amp;quot;&amp;gt;...&amp;lt;/li&amp;gt;
  (Session info: chrome=68.0.3440.106)
  (Driver info: chromedriver=2.36.540470 (e522d04694c7ebea4ba8821272dbef4f9b818c91),platform=Windows NT 10.0.15063 x86_64) (WARNING: The server did not provide any stacktrace information)
Command duration or timeout: 40 milliseconds
Build info: version: &amp;apos;2.53.0&amp;apos;, revision: &amp;apos;35ae25b1534ae328c771e0856c93e187490ca824&amp;apos;, time: &amp;apos;2016-03-15 10:43:46&amp;apos;
System info: host: &amp;apos;SriniR_Dell&amp;apos;, ip: &amp;apos;172.20.94.44&amp;apos;, os.name: &amp;apos;Windows 10&amp;apos;, os.arch: &amp;apos;amd64&amp;apos;, os.version: &amp;apos;10.0&amp;apos;, java.version: &amp;apos;1.8.0_144&amp;apos;
Driver info: org.openqa.selenium.chrome.ChromeDriver
Capabilities [{applicationCacheEnabled=false, rotatable=false, mobileEmulationEnabled=false, networkConnectionEnabled=false, chrome={chromedriverVersion=2.36.540470 (e522d04694c7ebea4ba8821272dbef4f9b818c91), userDataDir=C:\Users\SRINIR~1.SOL\AppData\Local\Temp\scoped_dir21472_25415}, takesHeapSnapshot=true, pageLoadStrategy=normal, databaseEnabled=false, handlesAlerts=true, hasTouchScreen=false, version=68.0.3440.106, platform=XP, browserConnectionEnabled=false, nativeEvents=true, acceptSslCerts=false, acceptInsecureCerts=false, locationContextEnabled=true, webStorageEnabled=true, browserName=chrome, takesScreenshot=true, javascriptEnabled=true, cssSelectorsEnabled=true, setWindowRect=true, unexpectedAlertBehaviour=}]
Session ID: 1669c36bfbeb2f2c675119f6ed2f719f">
      <![CDATA[org.openqa.selenium.WebDriverException: unknown error: Element <button class="btn btn-primary" style="margin-left: 0px;">...</button> is not clickable at point (862, 325). Other element would receive the click: <li style="overflow: hidden; background: url(&quot;data:image/png;base64,iVBORw0KGgoAAAANSUhEUgAAABsAAAAoCAYAAAAPOoFWAAAAGXRFWHRTb2Z0d2FyZQBBZG9iZSBJbWFnZVJlYWR5ccllPAAAAPZJREFUeNq81tsOgjAMANB2ov7/7ypaN7IlIwi9rGuT8QSc9EIDAsAznxvY4pXPKr05RUE5MEVB+TyWfCEl9LZApYopCmo9C4FKSMtYoI8Bwv79aQJU4l6hXXCZrQbokJEksxHo9KMOgc6w1atHXM8K9DVC7FQnJ0i8iK3QooGgbnyKgMDygBWyYFZoqx4qS27KqLZJjA1D0jK6QJcYEQEiWv9PGkTsbqxQ8oT+ZtZB6AkdsJnQDnMoHXHLGKOgDYuCWmYhEERCI5gaamW0bnHdA3k2ltlIN+2qKRyCND0bhqSYCyTB3CAOc4WusBEIpkeBuPgJMAAX8Hs1NfqHRgAAAABJRU5ErkJggg==&quot;) left top repeat-x scroll rgb(255, 234, 168); border-radius: 5px; border: 1px solid rgb(255, 194, 55); box-shadow: rgba(0, 0, 0, 0.1) 0px 2px 4px; color: rgb(130, 98, 0); width: 310px; height: 1.86742px;" class="i-am-closing-now">...</li>
  (Session info: chrome=68.0.3440.106)
  (Driver info: chromedriver=2.36.540470 (e522d04694c7ebea4ba8821272dbef4f9b818c91),platform=Windows NT 10.0.15063 x86_64) (WARNING: The server did not provide any stacktrace information)
Command duration or timeout: 40 milliseconds
Build info: version: '2.53.0', revision: '35ae25b1534ae328c771e0856c93e187490ca824', time: '2016-03-15 10:43:46'
System info: host: 'SriniR_Dell', ip: '172.20.94.44', os.name: 'Windows 10', os.arch: 'amd64', os.version: '10.0', java.version: '1.8.0_144'
Driver info: org.openqa.selenium.chrome.ChromeDriver
Capabilities [{applicationCacheEnabled=false, rotatable=false, mobileEmulationEnabled=false, networkConnectionEnabled=false, chrome={chromedriverVersion=2.36.540470 (e522d04694c7ebea4ba8821272dbef4f9b818c91), userDataDir=C:\Users\SRINIR~1.SOL\AppData\Local\Temp\scoped_dir21472_25415}, takesHeapSnapshot=true, pageLoadStrategy=normal, databaseEnabled=false, handlesAlerts=true, hasTouchScreen=false, version=68.0.3440.106, platform=XP, browserConnectionEnabled=false, nativeEvents=true, acceptSslCerts=false, acceptInsecureCerts=false, locationContextEnabled=true, webStorageEnabled=true, browserName=chrome, takesScreenshot=true, javascriptEnabled=true, cssSelectorsEnabled=true, setWindowRect=true, unexpectedAlertBehaviour=}]
Session ID: 1669c36bfbeb2f2c675119f6ed2f719f
	at org.openqa.selenium.remote.ErrorHandler.createThrowable(ErrorHandler.java:206)
	at org.openqa.selenium.remote.ErrorHandler.throwIfResponseFailed(ErrorHandler.java:158)
	at org.openqa.selenium.remote.RemoteWebDriver.execute(RemoteWebDriver.java:678)
	at org.openqa.selenium.remote.RemoteWebElement.execute(RemoteWebElement.java:327)
	at org.openqa.selenium.remote.RemoteWebElement.click(RemoteWebElement.java:85)
	at org.openqa.selenium.support.pagefactory.internal.LocatingElementHandler.invoke(LocatingElementHandler.java:51)
	at com.sun.proxy.$Proxy5.click(Unknown Source)
	at com.ScreenFunctions.Review_Importfiles.Review_Importfiles(Review_Importfiles.java:86)
	at com.TestScripts.Tc_04_PaymentImport.evaluateTestcase(Tc_04_PaymentImport.java:27)
... Removed 32 stack frames]]>
    </failure>
  </testcase> <!-- evaluateTestcase -->
</testsuite> <!-- Test1 -->
