<?xml version="1.0" encoding="UTF-8"?>
<testng-results skipped="0" failed="0" ignored="0" total="1" passed="1">
  <reporter-output>
  </reporter-output>
  <suite name="Suite" duration-ms="18193" started-at="2019-05-06T09:28:48Z" finished-at="2019-05-06T09:29:06Z">
    <groups>
    </groups>
    <test name="Test" duration-ms="18193" started-at="2019-05-06T09:28:48Z" finished-at="2019-05-06T09:29:06Z">
      <class name="com.TestScripts.Tc_01_ManualcaptureCollection">
        <test-method status="PASS" signature="evaluateTestcase()[pri:0, instance:com.TestScripts.Tc_01_ManualcaptureCollection@69ea3742]" name="evaluateTestcase" duration-ms="17216" started-at="2019-05-06T11:28:49Z" finished-at="2019-05-06T11:29:06Z">
          <reporter-output>
          </reporter-output>
        </test-method> <!-- evaluateTestcase -->
      </class> <!-- com.TestScripts.Tc_01_ManualcaptureCollection -->
    </test> <!-- Test -->
  </suite> <!-- Suite -->
</testng-results>
