<?xml version="1.0" encoding="UTF-8"?>
<testng-results skipped="0" failed="0" ignored="0" total="1" passed="1">
  <reporter-output>
  </reporter-output>
  <suite name="Suite" duration-ms="196635" started-at="2018-03-06T07:20:15Z" finished-at="2018-03-06T07:23:31Z">
    <groups>
    </groups>
    <test name="Test" duration-ms="196635" started-at="2018-03-06T07:20:15Z" finished-at="2018-03-06T07:23:31Z">
      <class name="com.TestScripts.Tc_02_ManualcapturePayment">
        <test-method status="PASS" signature="evaluateTestcase()[pri:0, instance:com.TestScripts.Tc_02_ManualcapturePayment@69ea3742]" name="evaluateTestcase" duration-ms="189685" started-at="2018-03-06T09:20:15Z" finished-at="2018-03-06T09:23:25Z">
          <reporter-output>
          </reporter-output>
        </test-method> <!-- evaluateTestcase -->
      </class> <!-- com.TestScripts.Tc_02_ManualcapturePayment -->
    </test> <!-- Test -->
  </suite> <!-- Suite -->
</testng-results>
