<?xml version="1.0" encoding="UTF-8"?>
<testng-results skipped="0" failed="0" ignored="0" total="1" passed="1">
  <reporter-output>
  </reporter-output>
  <suite name="Suite" duration-ms="110374" started-at="2018-09-07T07:14:35Z" finished-at="2018-09-07T07:16:26Z">
    <groups>
    </groups>
    <test name="Test" duration-ms="110374" started-at="2018-09-07T07:14:35Z" finished-at="2018-09-07T07:16:26Z">
      <class name="com.TestScripts.Tc_03_CollectionImport">
        <test-method status="PASS" signature="evaluateTestcase()[pri:0, instance:com.TestScripts.Tc_03_CollectionImport@69ea3742]" name="evaluateTestcase" duration-ms="109394" started-at="2018-09-07T09:14:36Z" finished-at="2018-09-07T09:16:25Z">
          <reporter-output>
          </reporter-output>
        </test-method> <!-- evaluateTestcase -->
      </class> <!-- com.TestScripts.Tc_03_CollectionImport -->
    </test> <!-- Test -->
  </suite> <!-- Suite -->
</testng-results>
