<?xml version="1.0" encoding="UTF-8"?>
<testng-results skipped="0" failed="0" ignored="0" total="1" passed="1">
  <reporter-output>
  </reporter-output>
  <suite name="Suite" duration-ms="31636" started-at="2018-01-31T09:14:42Z" finished-at="2018-01-31T09:15:13Z">
    <groups>
    </groups>
    <test name="Test" duration-ms="31636" started-at="2018-01-31T09:14:42Z" finished-at="2018-01-31T09:15:13Z">
      <class name="com.TestScripts.Tc_17_Recall_Journals">
        <test-method status="PASS" signature="evaluateTestcase()[pri:0, instance:com.TestScripts.Tc_17_Recall_Journals@47c62251]" name="evaluateTestcase" duration-ms="30872" started-at="2018-01-31T11:14:42Z" finished-at="2018-01-31T11:15:13Z">
          <reporter-output>
          </reporter-output>
        </test-method> <!-- evaluateTestcase -->
      </class> <!-- com.TestScripts.Tc_17_Recall_Journals -->
    </test> <!-- Test -->
  </suite> <!-- Suite -->
</testng-results>
