<?xml version="1.0" encoding="UTF-8"?>
<testng-results skipped="0" failed="0" ignored="0" total="1" passed="1">
  <reporter-output>
  </reporter-output>
  <suite name="Suite" duration-ms="792481" started-at="2018-04-05T13:09:31Z" finished-at="2018-04-05T13:22:44Z">
    <groups>
    </groups>
    <test name="Test" duration-ms="792481" started-at="2018-04-05T13:09:31Z" finished-at="2018-04-05T13:22:44Z">
      <class name="com.TestScripts.Tc_05_NewUserCcreation">
        <test-method status="PASS" signature="evaluateTestcase()[pri:0, instance:com.TestScripts.Tc_05_NewUserCcreation@69ea3742]" name="evaluateTestcase" duration-ms="779827" started-at="2018-04-05T15:09:32Z" finished-at="2018-04-05T15:22:32Z">
          <reporter-output>
          </reporter-output>
        </test-method> <!-- evaluateTestcase -->
      </class> <!-- com.TestScripts.Tc_05_NewUserCcreation -->
    </test> <!-- Test -->
  </suite> <!-- Suite -->
</testng-results>
