<?xml version="1.0" encoding="UTF-8"?>
<testng-results skipped="0" failed="0" ignored="0" total="1" passed="1">
  <reporter-output>
  </reporter-output>
  <suite name="Suite" duration-ms="67228" started-at="2018-04-06T07:51:05Z" finished-at="2018-04-06T07:52:12Z">
    <groups>
    </groups>
    <test name="Test" duration-ms="67228" started-at="2018-04-06T07:51:05Z" finished-at="2018-04-06T07:52:12Z">
      <class name="com.TestScripts.Tc_08_Journals">
        <test-method status="PASS" signature="evaluateTestcase()[pri:0, instance:com.TestScripts.Tc_08_Journals@69ea3742]" name="evaluateTestcase" duration-ms="59237" started-at="2018-04-06T09:51:06Z" finished-at="2018-04-06T09:52:05Z">
          <reporter-output>
          </reporter-output>
        </test-method> <!-- evaluateTestcase -->
      </class> <!-- com.TestScripts.Tc_08_Journals -->
    </test> <!-- Test -->
  </suite> <!-- Suite -->
</testng-results>
