<?xml version="1.0" encoding="UTF-8"?>
<testng-results skipped="0" failed="0" total="1" passed="1">
  <reporter-output>
  </reporter-output>
  <suite name="Default suite" duration-ms="29" started-at="2017-12-07T11:45:04Z" finished-at="2017-12-07T11:45:04Z">
    <groups>
    </groups>
    <test name="Default test" duration-ms="29" started-at="2017-12-07T11:45:04Z" finished-at="2017-12-07T11:45:04Z">
      <class name="demo.TestNG">
        <test-method status="PASS" signature="launch()[pri:0, instance:demo.TestNG@2c9f9fb0]" name="launch" duration-ms="18" started-at="2017-12-07T13:45:04Z" finished-at="2017-12-07T13:45:04Z">
          <reporter-output>
          </reporter-output>
        </test-method> <!-- launch -->
      </class> <!-- demo.TestNG -->
    </test> <!-- Default test -->
  </suite> <!-- Default suite -->
</testng-results>
