<?xml version="1.0" encoding="UTF-8"?>
<testng-results skipped="0" failed="0" ignored="0" total="1" passed="1">
  <reporter-output>
  </reporter-output>
  <suite name="Suite" duration-ms="68181" started-at="2017-12-14T09:03:17Z" finished-at="2017-12-14T09:04:26Z">
    <groups>
    </groups>
    <test name="Test" duration-ms="68181" started-at="2017-12-14T09:03:17Z" finished-at="2017-12-14T09:04:26Z">
      <class name="com.TestScripts.Tc_01_ManualcaptureCollection">
        <test-method status="PASS" signature="evaluateTestcase()[pri:0, instance:com.TestScripts.Tc_01_ManualcaptureCollection@5e5792a0]" name="evaluateTestcase" duration-ms="67136" started-at="2017-12-14T11:03:18Z" finished-at="2017-12-14T11:04:25Z">
          <reporter-output>
          </reporter-output>
        </test-method> <!-- evaluateTestcase -->
      </class> <!-- com.TestScripts.Tc_01_ManualcaptureCollection -->
    </test> <!-- Test -->
  </suite> <!-- Suite -->
</testng-results>
