<?xml version="1.0" encoding="UTF-8"?>
<testng-results skipped="0" failed="0" ignored="0" total="1" passed="1">
  <reporter-output>
  </reporter-output>
  <suite name="Suite" duration-ms="41240" started-at="2018-03-19T08:37:12Z" finished-at="2018-03-19T08:37:53Z">
    <groups>
    </groups>
    <test name="Test" duration-ms="41240" started-at="2018-03-19T08:37:12Z" finished-at="2018-03-19T08:37:53Z">
      <class name="com.TestScripts.Tc_14_Reports_Module">
        <test-method status="PASS" signature="evaluateTestcase()[pri:0, instance:com.TestScripts.Tc_14_Reports_Module@69ea3742]" name="evaluateTestcase" duration-ms="35005" started-at="2018-03-19T10:37:13Z" finished-at="2018-03-19T10:37:48Z">
          <reporter-output>
          </reporter-output>
        </test-method> <!-- evaluateTestcase -->
      </class> <!-- com.TestScripts.Tc_14_Reports_Module -->
    </test> <!-- Test -->
  </suite> <!-- Suite -->
</testng-results>
