<?xml version="1.0" encoding="UTF-8"?>
<testng-results skipped="0" failed="1" ignored="0" total="1" passed="0">
  <reporter-output>
  </reporter-output>
  <suite name="Default suite" duration-ms="29" started-at="2018-01-04T06:43:22Z" finished-at="2018-01-04T06:43:22Z">
    <groups>
    </groups>
    <test name="Default test" duration-ms="29" started-at="2018-01-04T06:43:22Z" finished-at="2018-01-04T06:43:22Z">
      <class name="com.TestScripts.Tc_00_TestBrowser">
        <test-method status="FAIL" signature="Test()[pri:0, instance:com.TestScripts.Tc_00_TestBrowser@548e7350]" name="Test" duration-ms="10" started-at="2018-01-04T08:43:22Z" finished-at="2018-01-04T08:43:22Z">
          <exception class="java.lang.NoClassDefFoundError">
            <message>
              <![CDATA[com/sun/mail/util/MailLogger]]>
            </message>
            <full-stacktrace>
              <![CDATA[java.lang.NoClassDefFoundError: com/sun/mail/util/MailLogger
	at javax.mail.Session.initLogger(Session.java:230)
	at javax.mail.Session.<init>(Session.java:214)
	at javax.mail.Session.getDefaultInstance(Session.java:325)
	at com.ReportGeneration.GenerateReports.sendMail(GenerateReports.java:139)
	at com.TestScripts.Tc_00_TestBrowser.Test(Tc_00_TestBrowser.java:15)
	at sun.reflect.NativeMethodAccessorImpl.invoke0(Native Method)
	at sun.reflect.NativeMethodAccessorImpl.invoke(NativeMethodAccessorImpl.java:62)
	at sun.reflect.DelegatingMethodAccessorImpl.invoke(DelegatingMethodAccessorImpl.java:43)
	at java.lang.reflect.Method.invoke(Method.java:498)
	at org.testng.internal.MethodInvocationHelper.invokeMethod(MethodInvocationHelper.java:108)
	at org.testng.internal.Invoker.invokeMethod(Invoker.java:669)
	at org.testng.internal.Invoker.invokeTestMethod(Invoker.java:877)
	at org.testng.internal.Invoker.invokeTestMethods(Invoker.java:1201)
	at org.testng.internal.TestMethodWorker.invokeTestMethods(TestMethodWorker.java:125)
	at org.testng.internal.TestMethodWorker.run(TestMethodWorker.java:109)
	at org.testng.TestRunner.privateRun(TestRunner.java:776)
	at org.testng.TestRunner.run(TestRunner.java:634)
	at org.testng.SuiteRunner.runTest(SuiteRunner.java:425)
	at org.testng.SuiteRunner.runSequentially(SuiteRunner.java:420)
	at org.testng.SuiteRunner.privateRun(SuiteRunner.java:385)
	at org.testng.SuiteRunner.run(SuiteRunner.java:334)
	at org.testng.SuiteRunnerWorker.runSuite(SuiteRunnerWorker.java:52)
	at org.testng.SuiteRunnerWorker.run(SuiteRunnerWorker.java:86)
	at org.testng.TestNG.runSuitesSequentially(TestNG.java:1318)
	at org.testng.TestNG.runSuitesLocally(TestNG.java:1243)
	at org.testng.TestNG.runSuites(TestNG.java:1161)
	at org.testng.TestNG.run(TestNG.java:1129)
	at org.testng.remote.AbstractRemoteTestNG.run(AbstractRemoteTestNG.java:114)
	at org.testng.remote.RemoteTestNG.initAndRun(RemoteTestNG.java:251)
	at org.testng.remote.RemoteTestNG.main(RemoteTestNG.java:77)
Caused by: java.lang.ClassNotFoundException: com.sun.mail.util.MailLogger
	at java.net.URLClassLoader.findClass(URLClassLoader.java:381)
	at java.lang.ClassLoader.loadClass(ClassLoader.java:424)
	at sun.misc.Launcher$AppClassLoader.loadClass(Launcher.java:335)
	at java.lang.ClassLoader.loadClass(ClassLoader.java:357)
	... 30 more
]]>
            </full-stacktrace>
          </exception> <!-- java.lang.NoClassDefFoundError -->
          <reporter-output>
          </reporter-output>
        </test-method> <!-- Test -->
      </class> <!-- com.TestScripts.Tc_00_TestBrowser -->
    </test> <!-- Default test -->
  </suite> <!-- Default suite -->
</testng-results>
