<?xml version="1.0" encoding="UTF-8"?>
<testng-results skipped="0" failed="0" ignored="0" total="1" passed="1">
  <reporter-output>
  </reporter-output>
  <suite name="Suite" duration-ms="89347" started-at="2018-03-22T12:14:03Z" finished-at="2018-03-22T12:15:32Z">
    <groups>
    </groups>
    <test name="Test" duration-ms="89347" started-at="2018-03-22T12:14:03Z" finished-at="2018-03-22T12:15:32Z">
      <class name="com.TestScripts.Tc_04_PaymentImport">
        <test-method status="PASS" signature="evaluateTestcase()[pri:0, instance:com.TestScripts.Tc_04_PaymentImport@69ea3742]" name="evaluateTestcase" duration-ms="77369" started-at="2018-03-22T14:14:03Z" finished-at="2018-03-22T14:15:21Z">
          <reporter-output>
          </reporter-output>
        </test-method> <!-- evaluateTestcase -->
      </class> <!-- com.TestScripts.Tc_04_PaymentImport -->
    </test> <!-- Test -->
  </suite> <!-- Suite -->
</testng-results>
